2023-04-04T11:35:43+00:00 CRITICAL Uncaught TypeError: Unsupported operand types: string + int in C:\xampp\htdocs\wordpress\wp-content\plugins\woocommerce\includes\class-wc-ajax.php:2623
Stack trace:
#0 C:\xampp\htdocs\wordpress\wp-content\plugins\woocommerce\includes\class-wc-ajax.php(2601): WC_AJAX::variation_bulk_adjust_price(Array, 'sale_price', '-', '20')
#1 C:\xampp\htdocs\wordpress\wp-content\plugins\woocommerce\includes\class-wc-ajax.php(2715): WC_AJAX::variation_bulk_action_variable_sale_price_decrease(Array, Array)
#2 C:\xampp\htdocs\wordpress\wp-includes\class-wp-hook.php(308): WC_AJAX::bulk_edit_variations('')
#3 C:\xampp\htdocs\wordpress\wp-includes\class-wp-hook.php(332): WP_Hook->apply_filters('', Array)
#4 C:\xampp\htdocs\wordpress\wp-includes\plugin.php(517): WP_Hook->do_action(Array)
#5 C:\xampp\htdocs\wordpress\wp-admin\admin-ajax.php(188): do_action('wp_ajax_woocomm...')
#6 {main}
  thrown in C:\xampp\htdocs\wordpress\wp-content\plugins\woocommerce\includes\class-wc-ajax.php on line 2623

2023-04-04T14:44:53+00:00 CRITICAL Uncaught TypeError: Unsupported operand types: string / int in C:\xampp\htdocs\wordpress\wp-content\plugins\woocommerce\includes\class-wc-ajax.php:2621
Stack trace:
#0 C:\xampp\htdocs\wordpress\wp-content\plugins\woocommerce\includes\class-wc-ajax.php(2601): WC_AJAX::variation_bulk_adjust_price(Array, 'sale_price', '-', '10%')
#1 C:\xampp\htdocs\wordpress\wp-content\plugins\woocommerce\includes\class-wc-ajax.php(2715): WC_AJAX::variation_bulk_action_variable_sale_price_decrease(Array, Array)
#2 C:\xampp\htdocs\wordpress\wp-includes\class-wp-hook.php(308): WC_AJAX::bulk_edit_variations('')
#3 C:\xampp\htdocs\wordpress\wp-includes\class-wp-hook.php(332): WP_Hook->apply_filters('', Array)
#4 C:\xampp\htdocs\wordpress\wp-includes\plugin.php(517): WP_Hook->do_action(Array)
#5 C:\xampp\htdocs\wordpress\wp-admin\admin-ajax.php(188): do_action('wp_ajax_woocomm...')
#6 {main}
  thrown in C:\xampp\htdocs\wordpress\wp-content\plugins\woocommerce\includes\class-wc-ajax.php on line 2621

2023-04-04T14:48:14+00:00 CRITICAL Uncaught TypeError: Unsupported operand types: string / int in C:\xampp\htdocs\wordpress\wp-content\plugins\woocommerce\includes\class-wc-ajax.php:2621
Stack trace:
#0 C:\xampp\htdocs\wordpress\wp-content\plugins\woocommerce\includes\class-wc-ajax.php(2601): WC_AJAX::variation_bulk_adjust_price(Array, 'sale_price', '-', '10%')
#1 C:\xampp\htdocs\wordpress\wp-content\plugins\woocommerce\includes\class-wc-ajax.php(2715): WC_AJAX::variation_bulk_action_variable_sale_price_decrease(Array, Array)
#2 C:\xampp\htdocs\wordpress\wp-includes\class-wp-hook.php(308): WC_AJAX::bulk_edit_variations('')
#3 C:\xampp\htdocs\wordpress\wp-includes\class-wp-hook.php(332): WP_Hook->apply_filters('', Array)
#4 C:\xampp\htdocs\wordpress\wp-includes\plugin.php(517): WP_Hook->do_action(Array)
#5 C:\xampp\htdocs\wordpress\wp-admin\admin-ajax.php(188): do_action('wp_ajax_woocomm...')
#6 {main}
  thrown in C:\xampp\htdocs\wordpress\wp-content\plugins\woocommerce\includes\class-wc-ajax.php on line 2621

2023-04-04T15:24:01+00:00 CRITICAL Out of memory (allocated 92274688 bytes) (tried to allocate 20480 bytes) in C:\xampp\htdocs\wordpress\wp-content\plugins\woocommerce\includes\rest-api\Controllers\Version2\class-wc-rest-system-status-v2-controller.php on line 288

2023-04-04T16:00:19+00:00 CRITICAL Uncaught TypeError: Unsupported operand types: string / int in C:\xampp\htdocs\wordpress\wp-content\plugins\woocommerce\includes\class-wc-ajax.php:2621
Stack trace:
#0 C:\xampp\htdocs\wordpress\wp-content\plugins\woocommerce\includes\class-wc-ajax.php(2601): WC_AJAX::variation_bulk_adjust_price(Array, 'sale_price', '-', '50%')
#1 C:\xampp\htdocs\wordpress\wp-content\plugins\woocommerce\includes\class-wc-ajax.php(2715): WC_AJAX::variation_bulk_action_variable_sale_price_decrease(Array, Array)
#2 C:\xampp\htdocs\wordpress\wp-includes\class-wp-hook.php(308): WC_AJAX::bulk_edit_variations('')
#3 C:\xampp\htdocs\wordpress\wp-includes\class-wp-hook.php(332): WP_Hook->apply_filters('', Array)
#4 C:\xampp\htdocs\wordpress\wp-includes\plugin.php(517): WP_Hook->do_action(Array)
#5 C:\xampp\htdocs\wordpress\wp-admin\admin-ajax.php(188): do_action('wp_ajax_woocomm...')
#6 {main}
  thrown in C:\xampp\htdocs\wordpress\wp-content\plugins\woocommerce\includes\class-wc-ajax.php on line 2621

2023-04-04T16:02:11+00:00 CRITICAL Uncaught TypeError: Unsupported operand types: string + int in C:\xampp\htdocs\wordpress\wp-content\plugins\woocommerce\includes\class-wc-ajax.php:2623
Stack trace:
#0 C:\xampp\htdocs\wordpress\wp-content\plugins\woocommerce\includes\class-wc-ajax.php(2601): WC_AJAX::variation_bulk_adjust_price(Array, 'sale_price', '-', '50')
#1 C:\xampp\htdocs\wordpress\wp-content\plugins\woocommerce\includes\class-wc-ajax.php(2715): WC_AJAX::variation_bulk_action_variable_sale_price_decrease(Array, Array)
#2 C:\xampp\htdocs\wordpress\wp-includes\class-wp-hook.php(308): WC_AJAX::bulk_edit_variations('')
#3 C:\xampp\htdocs\wordpress\wp-includes\class-wp-hook.php(332): WP_Hook->apply_filters('', Array)
#4 C:\xampp\htdocs\wordpress\wp-includes\plugin.php(517): WP_Hook->do_action(Array)
#5 C:\xampp\htdocs\wordpress\wp-admin\admin-ajax.php(188): do_action('wp_ajax_woocomm...')
#6 {main}
  thrown in C:\xampp\htdocs\wordpress\wp-content\plugins\woocommerce\includes\class-wc-ajax.php on line 2623

